<?xml version="1.0" encoding="UTF-8"?>
<!-- Generated by org.testng.reporters.JUnitReportReporter -->
<testsuite hostname="Dhananjays-MacBook-Pro.local" failures="0" tests="1" name="TestLayer.LoginPageTest" time="0.869" errors="0" timestamp="2023-12-27T17:26:19 IST" skipped="0">
  <testcase classname="TestLayer.LoginPageTest" name="validateloginfunctionality" time="0.869"/>
  <system-out/>
</testsuite> <!-- TestLayer.LoginPageTest -->
